<?xml version="1.0" encoding="UTF-8"?>
<!-- Generated by org.testng.reporters.JUnitXMLReporter -->
<testsuite hostname="LP0948" ignored="1" name="Default test" tests="1" failures="0" timestamp="07 jun 2019 15:19:49 GMT" time="24.062" errors="0">
  <testcase name="testeCriacaoUsuario" time="21.269" classname="org.br.curso.tests.ApiTests"/>
  <testcase name="testeLogin" time="0.0" classname="org.br.curso.tests.ApiTests">
    <ignored/>
  </testcase> <!-- testeLogin -->
</testsuite> <!-- Default test -->
